<?xml version="1.0" encoding="UTF-8"?>
<robot generator="Robot 4.1 (Python 3.7.3 on darwin)" generated="20210825 08:37:33.152" rpa="false" schemaversion="2">
<suite id="s1" name="Login Tests" source="/Users/pipsa.korkiakoski/robottraining/WebDemo/login_tests">
<suite id="s1-s1" name="Gherkin Login" source="/Users/pipsa.korkiakoski/robottraining/WebDemo/login_tests/gherkin_login.robot">
<test id="s1-s1-t1" name="Valid Login">
<kw name="Given browser is opened to login page">
<kw name="Open Browser To Login Page" library="resource">
<kw name="Open Browser" library="SeleniumLibrary">
<arg>${LOGIN URL}</arg>
<arg>${BROWSER}</arg>
<doc>Opens a new browser instance to the optional ``url``.</doc>
<msg timestamp="20210825 08:37:33.325" level="INFO">Opening browser 'Firefox' to base url 'http://localhost:7272/'.</msg>
<msg timestamp="20210825 08:37:33.326" level="INFO">Firefox driver log is always forced to to: /Users/pipsa.korkiakoski/robottraining/WebDemo/geckodriver-1.log</msg>
<status status="PASS" starttime="20210825 08:37:33.325" endtime="20210825 08:37:42.152"/>
</kw>
<kw name="Maximize Browser Window" library="SeleniumLibrary">
<doc>Maximizes current browser window.</doc>
<status status="PASS" starttime="20210825 08:37:42.152" endtime="20210825 08:37:42.640"/>
</kw>
<kw name="Set Selenium Speed" library="SeleniumLibrary">
<arg>${DELAY}</arg>
<doc>Sets the delay that is waited after each Selenium command.</doc>
<status status="PASS" starttime="20210825 08:37:42.641" endtime="20210825 08:37:42.642"/>
</kw>
<kw name="Login Page Should Be Open" library="resource">
<kw name="Title Should Be" library="SeleniumLibrary">
<arg>Login Page</arg>
<doc>Verifies that the current page title equals ``title``.</doc>
<msg timestamp="20210825 08:37:42.647" level="INFO">Page title is 'Login Page'.</msg>
<status status="PASS" starttime="20210825 08:37:42.643" endtime="20210825 08:37:42.647"/>
</kw>
<status status="PASS" starttime="20210825 08:37:42.643" endtime="20210825 08:37:42.648"/>
</kw>
<status status="PASS" starttime="20210825 08:37:33.325" endtime="20210825 08:37:42.648"/>
</kw>
<status status="PASS" starttime="20210825 08:37:33.325" endtime="20210825 08:37:42.648"/>
</kw>
<kw name="When user &quot;demo&quot; logs in with password &quot;mode&quot;" sourcename="User &quot;${username}&quot; logs in with password &quot;${password}&quot;">
<kw name="Input Username" library="resource">
<arg>${username}</arg>
<kw name="Input Text" library="SeleniumLibrary">
<arg>username_field</arg>
<arg>${username}</arg>
<doc>Types the given ``text`` into the text field identified by ``locator``.</doc>
<msg timestamp="20210825 08:37:42.651" level="INFO">Typing text 'demo' into text field 'username_field'.</msg>
<status status="PASS" starttime="20210825 08:37:42.650" endtime="20210825 08:37:42.695"/>
</kw>
<status status="PASS" starttime="20210825 08:37:42.650" endtime="20210825 08:37:42.695"/>
</kw>
<kw name="Input Password" library="resource">
<arg>${password}</arg>
<kw name="Input Text" library="SeleniumLibrary">
<arg>password_field</arg>
<arg>${password}</arg>
<doc>Types the given ``text`` into the text field identified by ``locator``.</doc>
<msg timestamp="20210825 08:37:42.696" level="INFO">Typing text 'mode' into text field 'password_field'.</msg>
<status status="PASS" starttime="20210825 08:37:42.695" endtime="20210825 08:37:42.723"/>
</kw>
<status status="PASS" starttime="20210825 08:37:42.695" endtime="20210825 08:37:42.723"/>
</kw>
<kw name="Submit Credentials" library="resource">
<kw name="Click Button" library="SeleniumLibrary">
<arg>login_button</arg>
<doc>Clicks the button identified by ``locator``.</doc>
<msg timestamp="20210825 08:37:42.724" level="INFO">Clicking button 'login_button'.</msg>
<status status="PASS" starttime="20210825 08:37:42.724" endtime="20210825 08:37:42.771"/>
</kw>
<status status="PASS" starttime="20210825 08:37:42.723" endtime="20210825 08:37:42.771"/>
</kw>
<status status="PASS" starttime="20210825 08:37:42.649" endtime="20210825 08:37:42.771"/>
</kw>
<kw name="Then welcome page should be open" library="resource">
<kw name="Location Should Be" library="SeleniumLibrary">
<arg>${WELCOME URL}</arg>
<doc>Verifies that the current URL is exactly ``url``.</doc>
<msg timestamp="20210825 08:37:42.775" level="INFO">Current location is 'http://localhost:7272/welcome.html'.</msg>
<status status="PASS" starttime="20210825 08:37:42.772" endtime="20210825 08:37:42.775"/>
</kw>
<kw name="Title Should Be" library="SeleniumLibrary">
<arg>Welcome Page</arg>
<doc>Verifies that the current page title equals ``title``.</doc>
<msg timestamp="20210825 08:37:42.777" level="INFO">Page title is 'Welcome Page'.</msg>
<status status="PASS" starttime="20210825 08:37:42.775" endtime="20210825 08:37:42.778"/>
</kw>
<status status="PASS" starttime="20210825 08:37:42.772" endtime="20210825 08:37:42.778"/>
</kw>
<kw name="Close Browser" library="SeleniumLibrary" type="TEARDOWN">
<doc>Closes the current browser.</doc>
<status status="PASS" starttime="20210825 08:37:42.778" endtime="20210825 08:37:43.207"/>
</kw>
<status status="PASS" starttime="20210825 08:37:33.324" endtime="20210825 08:37:43.207"/>
</test>
<doc>A test suite with a single Gherkin style test.

This test is functionally identical to the example in
valid_login.robot file.</doc>
<status status="PASS" starttime="20210825 08:37:33.174" endtime="20210825 08:37:43.208"/>
</suite>
<suite id="s1-s2" name="Invalid Login" source="/Users/pipsa.korkiakoski/robottraining/WebDemo/login_tests/invalid_login.robot">
<kw name="Open Browser To Login Page" library="resource" type="SETUP">
<kw name="Open Browser" library="SeleniumLibrary">
<arg>${LOGIN URL}</arg>
<arg>${BROWSER}</arg>
<doc>Opens a new browser instance to the optional ``url``.</doc>
<msg timestamp="20210825 08:37:43.221" level="INFO">Opening browser 'Firefox' to base url 'http://localhost:7272/'.</msg>
<msg timestamp="20210825 08:37:43.221" level="INFO">Firefox driver log is always forced to to: /Users/pipsa.korkiakoski/robottraining/WebDemo/geckodriver-2.log</msg>
<status status="PASS" starttime="20210825 08:37:43.220" endtime="20210825 08:37:47.073"/>
</kw>
<kw name="Maximize Browser Window" library="SeleniumLibrary">
<doc>Maximizes current browser window.</doc>
<status status="PASS" starttime="20210825 08:37:47.074" endtime="20210825 08:37:47.543"/>
</kw>
<kw name="Set Selenium Speed" library="SeleniumLibrary">
<arg>${DELAY}</arg>
<doc>Sets the delay that is waited after each Selenium command.</doc>
<status status="PASS" starttime="20210825 08:37:47.543" endtime="20210825 08:37:47.544"/>
</kw>
<kw name="Login Page Should Be Open" library="resource">
<kw name="Title Should Be" library="SeleniumLibrary">
<arg>Login Page</arg>
<doc>Verifies that the current page title equals ``title``.</doc>
<msg timestamp="20210825 08:37:47.548" level="INFO">Page title is 'Login Page'.</msg>
<status status="PASS" starttime="20210825 08:37:47.545" endtime="20210825 08:37:47.549"/>
</kw>
<status status="PASS" starttime="20210825 08:37:47.545" endtime="20210825 08:37:47.549"/>
</kw>
<status status="PASS" starttime="20210825 08:37:43.218" endtime="20210825 08:37:47.549"/>
</kw>
<test id="s1-s2-t1" name="Invalid Username">
<kw name="Go To Login Page" library="resource" type="SETUP">
<kw name="Go To" library="SeleniumLibrary">
<arg>${LOGIN URL}</arg>
<doc>Navigates the current browser window to the provided ``url``.</doc>
<msg timestamp="20210825 08:37:47.551" level="INFO">Opening url 'http://localhost:7272/'</msg>
<status status="PASS" starttime="20210825 08:37:47.551" endtime="20210825 08:37:47.570"/>
</kw>
<kw name="Login Page Should Be Open" library="resource">
<kw name="Title Should Be" library="SeleniumLibrary">
<arg>Login Page</arg>
<doc>Verifies that the current page title equals ``title``.</doc>
<msg timestamp="20210825 08:37:47.573" level="INFO">Page title is 'Login Page'.</msg>
<status status="PASS" starttime="20210825 08:37:47.570" endtime="20210825 08:37:47.573"/>
</kw>
<status status="PASS" starttime="20210825 08:37:47.570" endtime="20210825 08:37:47.573"/>
</kw>
<status status="PASS" starttime="20210825 08:37:47.550" endtime="20210825 08:37:47.574"/>
</kw>
<kw name="Login With Invalid Credentials Should Fail">
<arg>invalid</arg>
<arg>${VALID PASSWORD}</arg>
<kw name="Input Username" library="resource">
<arg>${username}</arg>
<kw name="Input Text" library="SeleniumLibrary">
<arg>username_field</arg>
<arg>${username}</arg>
<doc>Types the given ``text`` into the text field identified by ``locator``.</doc>
<msg timestamp="20210825 08:37:47.577" level="INFO">Typing text 'invalid' into text field 'username_field'.</msg>
<status status="PASS" starttime="20210825 08:37:47.576" endtime="20210825 08:37:47.608"/>
</kw>
<status status="PASS" starttime="20210825 08:37:47.575" endtime="20210825 08:37:47.609"/>
</kw>
<kw name="Input Password" library="resource">
<arg>${password}</arg>
<kw name="Input Text" library="SeleniumLibrary">
<arg>password_field</arg>
<arg>${password}</arg>
<doc>Types the given ``text`` into the text field identified by ``locator``.</doc>
<msg timestamp="20210825 08:37:47.610" level="INFO">Typing text 'mode' into text field 'password_field'.</msg>
<status status="PASS" starttime="20210825 08:37:47.609" endtime="20210825 08:37:47.622"/>
</kw>
<status status="PASS" starttime="20210825 08:37:47.609" endtime="20210825 08:37:47.623"/>
</kw>
<kw name="Submit Credentials" library="resource">
<kw name="Click Button" library="SeleniumLibrary">
<arg>login_button</arg>
<doc>Clicks the button identified by ``locator``.</doc>
<msg timestamp="20210825 08:37:47.623" level="INFO">Clicking button 'login_button'.</msg>
<status status="PASS" starttime="20210825 08:37:47.623" endtime="20210825 08:37:47.672"/>
</kw>
<status status="PASS" starttime="20210825 08:37:47.623" endtime="20210825 08:37:47.672"/>
</kw>
<kw name="Login Should Have Failed">
<kw name="Location Should Be" library="SeleniumLibrary">
<arg>${ERROR URL}</arg>
<doc>Verifies that the current URL is exactly ``url``.</doc>
<msg timestamp="20210825 08:37:47.676" level="INFO">Current location is 'http://localhost:7272/error.html'.</msg>
<status status="PASS" starttime="20210825 08:37:47.674" endtime="20210825 08:37:47.676"/>
</kw>
<kw name="Title Should Be" library="SeleniumLibrary">
<arg>Error Page</arg>
<doc>Verifies that the current page title equals ``title``.</doc>
<msg timestamp="20210825 08:37:47.679" level="INFO">Page title is 'Error Page'.</msg>
<status status="PASS" starttime="20210825 08:37:47.677" endtime="20210825 08:37:47.679"/>
</kw>
<status status="PASS" starttime="20210825 08:37:47.673" endtime="20210825 08:37:47.679"/>
</kw>
<status status="PASS" starttime="20210825 08:37:47.574" endtime="20210825 08:37:47.679"/>
</kw>
<status status="PASS" starttime="20210825 08:37:47.549" endtime="20210825 08:37:47.679"/>
</test>
<test id="s1-s2-t2" name="Invalid Password">
<kw name="Go To Login Page" library="resource" type="SETUP">
<kw name="Go To" library="SeleniumLibrary">
<arg>${LOGIN URL}</arg>
<doc>Navigates the current browser window to the provided ``url``.</doc>
<msg timestamp="20210825 08:37:47.681" level="INFO">Opening url 'http://localhost:7272/'</msg>
<status status="PASS" starttime="20210825 08:37:47.681" endtime="20210825 08:37:47.700"/>
</kw>
<kw name="Login Page Should Be Open" library="resource">
<kw name="Title Should Be" library="SeleniumLibrary">
<arg>Login Page</arg>
<doc>Verifies that the current page title equals ``title``.</doc>
<msg timestamp="20210825 08:37:47.707" level="INFO">Page title is 'Login Page'.</msg>
<status status="PASS" starttime="20210825 08:37:47.700" endtime="20210825 08:37:47.707"/>
</kw>
<status status="PASS" starttime="20210825 08:37:47.700" endtime="20210825 08:37:47.707"/>
</kw>
<status status="PASS" starttime="20210825 08:37:47.680" endtime="20210825 08:37:47.708"/>
</kw>
<kw name="Login With Invalid Credentials Should Fail">
<arg>${VALID USER}</arg>
<arg>invalid</arg>
<kw name="Input Username" library="resource">
<arg>${username}</arg>
<kw name="Input Text" library="SeleniumLibrary">
<arg>username_field</arg>
<arg>${username}</arg>
<doc>Types the given ``text`` into the text field identified by ``locator``.</doc>
<msg timestamp="20210825 08:37:47.709" level="INFO">Typing text 'demo' into text field 'username_field'.</msg>
<status status="PASS" starttime="20210825 08:37:47.709" endtime="20210825 08:37:47.726"/>
</kw>
<status status="PASS" starttime="20210825 08:37:47.709" endtime="20210825 08:37:47.727"/>
</kw>
<kw name="Input Password" library="resource">
<arg>${password}</arg>
<kw name="Input Text" library="SeleniumLibrary">
<arg>password_field</arg>
<arg>${password}</arg>
<doc>Types the given ``text`` into the text field identified by ``locator``.</doc>
<msg timestamp="20210825 08:37:47.728" level="INFO">Typing text 'invalid' into text field 'password_field'.</msg>
<status status="PASS" starttime="20210825 08:37:47.727" endtime="20210825 08:37:47.739"/>
</kw>
<status status="PASS" starttime="20210825 08:37:47.727" endtime="20210825 08:37:47.740"/>
</kw>
<kw name="Submit Credentials" library="resource">
<kw name="Click Button" library="SeleniumLibrary">
<arg>login_button</arg>
<doc>Clicks the button identified by ``locator``.</doc>
<msg timestamp="20210825 08:37:47.741" level="INFO">Clicking button 'login_button'.</msg>
<status status="PASS" starttime="20210825 08:37:47.740" endtime="20210825 08:37:47.775"/>
</kw>
<status status="PASS" starttime="20210825 08:37:47.740" endtime="20210825 08:37:47.775"/>
</kw>
<kw name="Login Should Have Failed">
<kw name="Location Should Be" library="SeleniumLibrary">
<arg>${ERROR URL}</arg>
<doc>Verifies that the current URL is exactly ``url``.</doc>
<msg timestamp="20210825 08:37:47.778" level="INFO">Current location is 'http://localhost:7272/error.html'.</msg>
<status status="PASS" starttime="20210825 08:37:47.776" endtime="20210825 08:37:47.778"/>
</kw>
<kw name="Title Should Be" library="SeleniumLibrary">
<arg>Error Page</arg>
<doc>Verifies that the current page title equals ``title``.</doc>
<msg timestamp="20210825 08:37:47.780" level="INFO">Page title is 'Error Page'.</msg>
<status status="PASS" starttime="20210825 08:37:47.778" endtime="20210825 08:37:47.780"/>
</kw>
<status status="PASS" starttime="20210825 08:37:47.776" endtime="20210825 08:37:47.780"/>
</kw>
<status status="PASS" starttime="20210825 08:37:47.708" endtime="20210825 08:37:47.781"/>
</kw>
<status status="PASS" starttime="20210825 08:37:47.680" endtime="20210825 08:37:47.781"/>
</test>
<test id="s1-s2-t3" name="Invalid Username And Password">
<kw name="Go To Login Page" library="resource" type="SETUP">
<kw name="Go To" library="SeleniumLibrary">
<arg>${LOGIN URL}</arg>
<doc>Navigates the current browser window to the provided ``url``.</doc>
<msg timestamp="20210825 08:37:47.783" level="INFO">Opening url 'http://localhost:7272/'</msg>
<status status="PASS" starttime="20210825 08:37:47.782" endtime="20210825 08:37:47.800"/>
</kw>
<kw name="Login Page Should Be Open" library="resource">
<kw name="Title Should Be" library="SeleniumLibrary">
<arg>Login Page</arg>
<doc>Verifies that the current page title equals ``title``.</doc>
<msg timestamp="20210825 08:37:47.808" level="INFO">Page title is 'Login Page'.</msg>
<status status="PASS" starttime="20210825 08:37:47.800" endtime="20210825 08:37:47.808"/>
</kw>
<status status="PASS" starttime="20210825 08:37:47.800" endtime="20210825 08:37:47.809"/>
</kw>
<status status="PASS" starttime="20210825 08:37:47.782" endtime="20210825 08:37:47.809"/>
</kw>
<kw name="Login With Invalid Credentials Should Fail">
<arg>invalid</arg>
<arg>whatever</arg>
<kw name="Input Username" library="resource">
<arg>${username}</arg>
<kw name="Input Text" library="SeleniumLibrary">
<arg>username_field</arg>
<arg>${username}</arg>
<doc>Types the given ``text`` into the text field identified by ``locator``.</doc>
<msg timestamp="20210825 08:37:47.810" level="INFO">Typing text 'invalid' into text field 'username_field'.</msg>
<status status="PASS" starttime="20210825 08:37:47.810" endtime="20210825 08:37:47.828"/>
</kw>
<status status="PASS" starttime="20210825 08:37:47.809" endtime="20210825 08:37:47.828"/>
</kw>
<kw name="Input Password" library="resource">
<arg>${password}</arg>
<kw name="Input Text" library="SeleniumLibrary">
<arg>password_field</arg>
<arg>${password}</arg>
<doc>Types the given ``text`` into the text field identified by ``locator``.</doc>
<msg timestamp="20210825 08:37:47.829" level="INFO">Typing text 'whatever' into text field 'password_field'.</msg>
<status status="PASS" starttime="20210825 08:37:47.829" endtime="20210825 08:37:47.843"/>
</kw>
<status status="PASS" starttime="20210825 08:37:47.828" endtime="20210825 08:37:47.843"/>
</kw>
<kw name="Submit Credentials" library="resource">
<kw name="Click Button" library="SeleniumLibrary">
<arg>login_button</arg>
<doc>Clicks the button identified by ``locator``.</doc>
<msg timestamp="20210825 08:37:47.844" level="INFO">Clicking button 'login_button'.</msg>
<status status="PASS" starttime="20210825 08:37:47.844" endtime="20210825 08:37:47.877"/>
</kw>
<status status="PASS" starttime="20210825 08:37:47.844" endtime="20210825 08:37:47.877"/>
</kw>
<kw name="Login Should Have Failed">
<kw name="Location Should Be" library="SeleniumLibrary">
<arg>${ERROR URL}</arg>
<doc>Verifies that the current URL is exactly ``url``.</doc>
<msg timestamp="20210825 08:37:47.880" level="INFO">Current location is 'http://localhost:7272/error.html'.</msg>
<status status="PASS" starttime="20210825 08:37:47.878" endtime="20210825 08:37:47.881"/>
</kw>
<kw name="Title Should Be" library="SeleniumLibrary">
<arg>Error Page</arg>
<doc>Verifies that the current page title equals ``title``.</doc>
<msg timestamp="20210825 08:37:47.883" level="INFO">Page title is 'Error Page'.</msg>
<status status="PASS" starttime="20210825 08:37:47.881" endtime="20210825 08:37:47.883"/>
</kw>
<status status="PASS" starttime="20210825 08:37:47.877" endtime="20210825 08:37:47.883"/>
</kw>
<status status="PASS" starttime="20210825 08:37:47.809" endtime="20210825 08:37:47.883"/>
</kw>
<status status="PASS" starttime="20210825 08:37:47.781" endtime="20210825 08:37:47.884"/>
</test>
<test id="s1-s2-t4" name="Empty Username">
<kw name="Go To Login Page" library="resource" type="SETUP">
<kw name="Go To" library="SeleniumLibrary">
<arg>${LOGIN URL}</arg>
<doc>Navigates the current browser window to the provided ``url``.</doc>
<msg timestamp="20210825 08:37:47.886" level="INFO">Opening url 'http://localhost:7272/'</msg>
<status status="PASS" starttime="20210825 08:37:47.886" endtime="20210825 08:37:47.910"/>
</kw>
<kw name="Login Page Should Be Open" library="resource">
<kw name="Title Should Be" library="SeleniumLibrary">
<arg>Login Page</arg>
<doc>Verifies that the current page title equals ``title``.</doc>
<msg timestamp="20210825 08:37:47.913" level="INFO">Page title is 'Login Page'.</msg>
<status status="PASS" starttime="20210825 08:37:47.911" endtime="20210825 08:37:47.913"/>
</kw>
<status status="PASS" starttime="20210825 08:37:47.911" endtime="20210825 08:37:47.914"/>
</kw>
<status status="PASS" starttime="20210825 08:37:47.885" endtime="20210825 08:37:47.914"/>
</kw>
<kw name="Login With Invalid Credentials Should Fail">
<arg>${EMPTY}</arg>
<arg>${VALID PASSWORD}</arg>
<kw name="Input Username" library="resource">
<arg>${username}</arg>
<kw name="Input Text" library="SeleniumLibrary">
<arg>username_field</arg>
<arg>${username}</arg>
<doc>Types the given ``text`` into the text field identified by ``locator``.</doc>
<msg timestamp="20210825 08:37:47.916" level="INFO">Typing text '' into text field 'username_field'.</msg>
<status status="PASS" starttime="20210825 08:37:47.916" endtime="20210825 08:37:47.932"/>
</kw>
<status status="PASS" starttime="20210825 08:37:47.915" endtime="20210825 08:37:47.932"/>
</kw>
<kw name="Input Password" library="resource">
<arg>${password}</arg>
<kw name="Input Text" library="SeleniumLibrary">
<arg>password_field</arg>
<arg>${password}</arg>
<doc>Types the given ``text`` into the text field identified by ``locator``.</doc>
<msg timestamp="20210825 08:37:47.933" level="INFO">Typing text 'mode' into text field 'password_field'.</msg>
<status status="PASS" starttime="20210825 08:37:47.933" endtime="20210825 08:37:47.946"/>
</kw>
<status status="PASS" starttime="20210825 08:37:47.932" endtime="20210825 08:37:47.947"/>
</kw>
<kw name="Submit Credentials" library="resource">
<kw name="Click Button" library="SeleniumLibrary">
<arg>login_button</arg>
<doc>Clicks the button identified by ``locator``.</doc>
<msg timestamp="20210825 08:37:47.947" level="INFO">Clicking button 'login_button'.</msg>
<status status="PASS" starttime="20210825 08:37:47.947" endtime="20210825 08:37:47.980"/>
</kw>
<status status="PASS" starttime="20210825 08:37:47.947" endtime="20210825 08:37:47.980"/>
</kw>
<kw name="Login Should Have Failed">
<kw name="Location Should Be" library="SeleniumLibrary">
<arg>${ERROR URL}</arg>
<doc>Verifies that the current URL is exactly ``url``.</doc>
<msg timestamp="20210825 08:37:47.983" level="INFO">Current location is 'http://localhost:7272/error.html'.</msg>
<status status="PASS" starttime="20210825 08:37:47.981" endtime="20210825 08:37:47.983"/>
</kw>
<kw name="Title Should Be" library="SeleniumLibrary">
<arg>Error Page</arg>
<doc>Verifies that the current page title equals ``title``.</doc>
<msg timestamp="20210825 08:37:47.985" level="INFO">Page title is 'Error Page'.</msg>
<status status="PASS" starttime="20210825 08:37:47.983" endtime="20210825 08:37:47.985"/>
</kw>
<status status="PASS" starttime="20210825 08:37:47.980" endtime="20210825 08:37:47.985"/>
</kw>
<status status="PASS" starttime="20210825 08:37:47.914" endtime="20210825 08:37:47.985"/>
</kw>
<status status="PASS" starttime="20210825 08:37:47.884" endtime="20210825 08:37:47.986"/>
</test>
<test id="s1-s2-t5" name="Empty Password">
<kw name="Go To Login Page" library="resource" type="SETUP">
<kw name="Go To" library="SeleniumLibrary">
<arg>${LOGIN URL}</arg>
<doc>Navigates the current browser window to the provided ``url``.</doc>
<msg timestamp="20210825 08:37:47.987" level="INFO">Opening url 'http://localhost:7272/'</msg>
<status status="PASS" starttime="20210825 08:37:47.987" endtime="20210825 08:37:48.012"/>
</kw>
<kw name="Login Page Should Be Open" library="resource">
<kw name="Title Should Be" library="SeleniumLibrary">
<arg>Login Page</arg>
<doc>Verifies that the current page title equals ``title``.</doc>
<msg timestamp="20210825 08:37:48.015" level="INFO">Page title is 'Login Page'.</msg>
<status status="PASS" starttime="20210825 08:37:48.013" endtime="20210825 08:37:48.015"/>
</kw>
<status status="PASS" starttime="20210825 08:37:48.012" endtime="20210825 08:37:48.015"/>
</kw>
<status status="PASS" starttime="20210825 08:37:47.986" endtime="20210825 08:37:48.015"/>
</kw>
<kw name="Login With Invalid Credentials Should Fail">
<arg>${VALID USER}</arg>
<arg>${EMPTY}</arg>
<kw name="Input Username" library="resource">
<arg>${username}</arg>
<kw name="Input Text" library="SeleniumLibrary">
<arg>username_field</arg>
<arg>${username}</arg>
<doc>Types the given ``text`` into the text field identified by ``locator``.</doc>
<msg timestamp="20210825 08:37:48.017" level="INFO">Typing text 'demo' into text field 'username_field'.</msg>
<status status="PASS" starttime="20210825 08:37:48.017" endtime="20210825 08:37:48.033"/>
</kw>
<status status="PASS" starttime="20210825 08:37:48.016" endtime="20210825 08:37:48.034"/>
</kw>
<kw name="Input Password" library="resource">
<arg>${password}</arg>
<kw name="Input Text" library="SeleniumLibrary">
<arg>password_field</arg>
<arg>${password}</arg>
<doc>Types the given ``text`` into the text field identified by ``locator``.</doc>
<msg timestamp="20210825 08:37:48.035" level="INFO">Typing text '' into text field 'password_field'.</msg>
<status status="PASS" starttime="20210825 08:37:48.034" endtime="20210825 08:37:48.048"/>
</kw>
<status status="PASS" starttime="20210825 08:37:48.034" endtime="20210825 08:37:48.048"/>
</kw>
<kw name="Submit Credentials" library="resource">
<kw name="Click Button" library="SeleniumLibrary">
<arg>login_button</arg>
<doc>Clicks the button identified by ``locator``.</doc>
<msg timestamp="20210825 08:37:48.049" level="INFO">Clicking button 'login_button'.</msg>
<status status="PASS" starttime="20210825 08:37:48.049" endtime="20210825 08:37:48.088"/>
</kw>
<status status="PASS" starttime="20210825 08:37:48.049" endtime="20210825 08:37:48.089"/>
</kw>
<kw name="Login Should Have Failed">
<kw name="Location Should Be" library="SeleniumLibrary">
<arg>${ERROR URL}</arg>
<doc>Verifies that the current URL is exactly ``url``.</doc>
<msg timestamp="20210825 08:37:48.093" level="INFO">Current location is 'http://localhost:7272/error.html'.</msg>
<status status="PASS" starttime="20210825 08:37:48.090" endtime="20210825 08:37:48.093"/>
</kw>
<kw name="Title Should Be" library="SeleniumLibrary">
<arg>Error Page</arg>
<doc>Verifies that the current page title equals ``title``.</doc>
<msg timestamp="20210825 08:37:48.096" level="INFO">Page title is 'Error Page'.</msg>
<status status="PASS" starttime="20210825 08:37:48.093" endtime="20210825 08:37:48.096"/>
</kw>
<status status="PASS" starttime="20210825 08:37:48.089" endtime="20210825 08:37:48.096"/>
</kw>
<status status="PASS" starttime="20210825 08:37:48.015" endtime="20210825 08:37:48.096"/>
</kw>
<status status="PASS" starttime="20210825 08:37:47.986" endtime="20210825 08:37:48.096"/>
</test>
<test id="s1-s2-t6" name="Empty Username And Password">
<kw name="Go To Login Page" library="resource" type="SETUP">
<kw name="Go To" library="SeleniumLibrary">
<arg>${LOGIN URL}</arg>
<doc>Navigates the current browser window to the provided ``url``.</doc>
<msg timestamp="20210825 08:37:48.098" level="INFO">Opening url 'http://localhost:7272/'</msg>
<status status="PASS" starttime="20210825 08:37:48.098" endtime="20210825 08:37:48.122"/>
</kw>
<kw name="Login Page Should Be Open" library="resource">
<kw name="Title Should Be" library="SeleniumLibrary">
<arg>Login Page</arg>
<doc>Verifies that the current page title equals ``title``.</doc>
<msg timestamp="20210825 08:37:48.126" level="INFO">Page title is 'Login Page'.</msg>
<status status="PASS" starttime="20210825 08:37:48.123" endtime="20210825 08:37:48.126"/>
</kw>
<status status="PASS" starttime="20210825 08:37:48.122" endtime="20210825 08:37:48.126"/>
</kw>
<status status="PASS" starttime="20210825 08:37:48.097" endtime="20210825 08:37:48.127"/>
</kw>
<kw name="Login With Invalid Credentials Should Fail">
<arg>${EMPTY}</arg>
<arg>${EMPTY}</arg>
<kw name="Input Username" library="resource">
<arg>${username}</arg>
<kw name="Input Text" library="SeleniumLibrary">
<arg>username_field</arg>
<arg>${username}</arg>
<doc>Types the given ``text`` into the text field identified by ``locator``.</doc>
<msg timestamp="20210825 08:37:48.129" level="INFO">Typing text '' into text field 'username_field'.</msg>
<status status="PASS" starttime="20210825 08:37:48.129" endtime="20210825 08:37:48.142"/>
</kw>
<status status="PASS" starttime="20210825 08:37:48.129" endtime="20210825 08:37:48.142"/>
</kw>
<kw name="Input Password" library="resource">
<arg>${password}</arg>
<kw name="Input Text" library="SeleniumLibrary">
<arg>password_field</arg>
<arg>${password}</arg>
<doc>Types the given ``text`` into the text field identified by ``locator``.</doc>
<msg timestamp="20210825 08:37:48.144" level="INFO">Typing text '' into text field 'password_field'.</msg>
<status status="PASS" starttime="20210825 08:37:48.143" endtime="20210825 08:37:48.157"/>
</kw>
<status status="PASS" starttime="20210825 08:37:48.143" endtime="20210825 08:37:48.157"/>
</kw>
<kw name="Submit Credentials" library="resource">
<kw name="Click Button" library="SeleniumLibrary">
<arg>login_button</arg>
<doc>Clicks the button identified by ``locator``.</doc>
<msg timestamp="20210825 08:37:48.158" level="INFO">Clicking button 'login_button'.</msg>
<status status="PASS" starttime="20210825 08:37:48.157" endtime="20210825 08:37:48.192"/>
</kw>
<status status="PASS" starttime="20210825 08:37:48.157" endtime="20210825 08:37:48.192"/>
</kw>
<kw name="Login Should Have Failed">
<kw name="Location Should Be" library="SeleniumLibrary">
<arg>${ERROR URL}</arg>
<doc>Verifies that the current URL is exactly ``url``.</doc>
<msg timestamp="20210825 08:37:48.196" level="INFO">Current location is 'http://localhost:7272/error.html'.</msg>
<status status="PASS" starttime="20210825 08:37:48.193" endtime="20210825 08:37:48.196"/>
</kw>
<kw name="Title Should Be" library="SeleniumLibrary">
<arg>Error Page</arg>
<doc>Verifies that the current page title equals ``title``.</doc>
<msg timestamp="20210825 08:37:48.198" level="INFO">Page title is 'Error Page'.</msg>
<status status="PASS" starttime="20210825 08:37:48.196" endtime="20210825 08:37:48.198"/>
</kw>
<status status="PASS" starttime="20210825 08:37:48.192" endtime="20210825 08:37:48.198"/>
</kw>
<status status="PASS" starttime="20210825 08:37:48.127" endtime="20210825 08:37:48.198"/>
</kw>
<status status="PASS" starttime="20210825 08:37:48.097" endtime="20210825 08:37:48.199"/>
</test>
<kw name="Close Browser" library="SeleniumLibrary" type="TEARDOWN">
<doc>Closes the current browser.</doc>
<status status="PASS" starttime="20210825 08:37:48.199" endtime="20210825 08:37:48.602"/>
</kw>
<doc>A test suite containing tests related to invalid login.

These tests are data-driven by their nature. They use a single
keyword, specified with Test Template setting, that is called
with different arguments to cover different scenarios.

This suite also demonstrates using setups and teardowns in
different levels.</doc>
<status status="PASS" starttime="20210825 08:37:43.210" endtime="20210825 08:37:48.602"/>
</suite>
<suite id="s1-s3" name="Valid Login" source="/Users/pipsa.korkiakoski/robottraining/WebDemo/login_tests/valid_login.robot">
<test id="s1-s3-t1" name="Valid Login">
<kw name="Open Browser To Login Page" library="resource">
<kw name="Open Browser" library="SeleniumLibrary">
<arg>${LOGIN URL}</arg>
<arg>${BROWSER}</arg>
<doc>Opens a new browser instance to the optional ``url``.</doc>
<msg timestamp="20210825 08:37:48.610" level="INFO">Opening browser 'Firefox' to base url 'http://localhost:7272/'.</msg>
<msg timestamp="20210825 08:37:48.610" level="INFO">Firefox driver log is always forced to to: /Users/pipsa.korkiakoski/robottraining/WebDemo/geckodriver-3.log</msg>
<status status="PASS" starttime="20210825 08:37:48.610" endtime="20210825 08:37:52.473"/>
</kw>
<kw name="Maximize Browser Window" library="SeleniumLibrary">
<doc>Maximizes current browser window.</doc>
<status status="PASS" starttime="20210825 08:37:52.474" endtime="20210825 08:37:52.945"/>
</kw>
<kw name="Set Selenium Speed" library="SeleniumLibrary">
<arg>${DELAY}</arg>
<doc>Sets the delay that is waited after each Selenium command.</doc>
<status status="PASS" starttime="20210825 08:37:52.945" endtime="20210825 08:37:52.946"/>
</kw>
<kw name="Login Page Should Be Open" library="resource">
<kw name="Title Should Be" library="SeleniumLibrary">
<arg>Login Page</arg>
<doc>Verifies that the current page title equals ``title``.</doc>
<msg timestamp="20210825 08:37:52.951" level="INFO">Page title is 'Login Page'.</msg>
<status status="PASS" starttime="20210825 08:37:52.947" endtime="20210825 08:37:52.951"/>
</kw>
<status status="PASS" starttime="20210825 08:37:52.947" endtime="20210825 08:37:52.952"/>
</kw>
<status status="PASS" starttime="20210825 08:37:48.609" endtime="20210825 08:37:52.952"/>
</kw>
<kw name="Input Username" library="resource">
<arg>demo</arg>
<kw name="Input Text" library="SeleniumLibrary">
<arg>username_field</arg>
<arg>${username}</arg>
<doc>Types the given ``text`` into the text field identified by ``locator``.</doc>
<msg timestamp="20210825 08:37:52.954" level="INFO">Typing text 'demo' into text field 'username_field'.</msg>
<status status="PASS" starttime="20210825 08:37:52.953" endtime="20210825 08:37:52.990"/>
</kw>
<status status="PASS" starttime="20210825 08:37:52.952" endtime="20210825 08:37:52.990"/>
</kw>
<kw name="Input Password" library="resource">
<arg>mode</arg>
<kw name="Input Text" library="SeleniumLibrary">
<arg>password_field</arg>
<arg>${password}</arg>
<doc>Types the given ``text`` into the text field identified by ``locator``.</doc>
<msg timestamp="20210825 08:37:52.991" level="INFO">Typing text 'mode' into text field 'password_field'.</msg>
<status status="PASS" starttime="20210825 08:37:52.991" endtime="20210825 08:37:53.005"/>
</kw>
<status status="PASS" starttime="20210825 08:37:52.990" endtime="20210825 08:37:53.005"/>
</kw>
<kw name="Submit Credentials" library="resource">
<kw name="Click Button" library="SeleniumLibrary">
<arg>login_button</arg>
<doc>Clicks the button identified by ``locator``.</doc>
<msg timestamp="20210825 08:37:53.006" level="INFO">Clicking button 'login_button'.</msg>
<status status="PASS" starttime="20210825 08:37:53.006" endtime="20210825 08:37:53.052"/>
</kw>
<status status="PASS" starttime="20210825 08:37:53.005" endtime="20210825 08:37:53.052"/>
</kw>
<kw name="Welcome Page Should Be Open" library="resource">
<kw name="Location Should Be" library="SeleniumLibrary">
<arg>${WELCOME URL}</arg>
<doc>Verifies that the current URL is exactly ``url``.</doc>
<msg timestamp="20210825 08:37:53.056" level="INFO">Current location is 'http://localhost:7272/welcome.html'.</msg>
<status status="PASS" starttime="20210825 08:37:53.053" endtime="20210825 08:37:53.056"/>
</kw>
<kw name="Title Should Be" library="SeleniumLibrary">
<arg>Welcome Page</arg>
<doc>Verifies that the current page title equals ``title``.</doc>
<msg timestamp="20210825 08:37:53.059" level="INFO">Page title is 'Welcome Page'.</msg>
<status status="PASS" starttime="20210825 08:37:53.057" endtime="20210825 08:37:53.059"/>
</kw>
<status status="PASS" starttime="20210825 08:37:53.053" endtime="20210825 08:37:53.059"/>
</kw>
<kw name="Close Browser" library="SeleniumLibrary" type="TEARDOWN">
<doc>Closes the current browser.</doc>
<status status="PASS" starttime="20210825 08:37:53.060" endtime="20210825 08:37:53.453"/>
</kw>
<status status="PASS" starttime="20210825 08:37:48.609" endtime="20210825 08:37:53.453"/>
</test>
<doc>A test suite with a single test for valid login.

This test has a workflow that is created using keywords in
the imported resource file.</doc>
<status status="PASS" starttime="20210825 08:37:48.604" endtime="20210825 08:37:53.454"/>
</suite>
<status status="PASS" starttime="20210825 08:37:33.153" endtime="20210825 08:37:53.455"/>
</suite>
<statistics>
<total>
<stat pass="8" fail="0" skip="0">All Tests</stat>
</total>
<tag>
</tag>
<suite>
<stat pass="8" fail="0" skip="0" id="s1" name="Login Tests">Login Tests</stat>
<stat pass="1" fail="0" skip="0" id="s1-s1" name="Gherkin Login">Login Tests.Gherkin Login</stat>
<stat pass="6" fail="0" skip="0" id="s1-s2" name="Invalid Login">Login Tests.Invalid Login</stat>
<stat pass="1" fail="0" skip="0" id="s1-s3" name="Valid Login">Login Tests.Valid Login</stat>
</suite>
</statistics>
<errors>
</errors>
</robot>
